<?xml version="1.0" encoding="UTF-8"?>
<coverage generated="1566359472783" clover="3.2.0">
  <project timestamp="1566359472783" name="All files">
    <metrics statements="58" coveredstatements="48" conditionals="10" coveredconditionals="7" methods="14" coveredmethods="7" elements="82" coveredelements="62" complexity="0" loc="58" ncloc="58" packages="4" files="4" classes="4"/>
    <package name="__test__">
      <metrics statements="15" coveredstatements="12" conditionals="4" coveredconditionals="3" methods="4" coveredmethods="2"/>
      <file name="supergoose.js" path="/Users/joannaliu/codefellows/401/labs/lab-07-api-server/api-server/__test__/supergoose.js">
        <metrics statements="15" coveredstatements="12" conditionals="4" coveredconditionals="3" methods="4" coveredmethods="2"/>
        <line num="8" count="1" type="stmt"/>
        <line num="9" count="1" type="stmt"/>
        <line num="10" count="1" type="stmt"/>
        <line num="15" count="1" type="stmt"/>
        <line num="17" count="1" type="stmt"/>
        <line num="19" count="1" type="stmt"/>
        <line num="24" count="1" type="stmt"/>
        <line num="28" count="1" type="stmt"/>
        <line num="29" count="1" type="cond" truecount="2" falsecount="0"/>
        <line num="32" count="1" type="stmt"/>
        <line num="33" count="1" type="stmt"/>
        <line num="35" count="1" type="cond" truecount="1" falsecount="1"/>
        <line num="36" count="0" type="stmt"/>
        <line num="37" count="0" type="stmt"/>
        <line num="38" count="0" type="stmt"/>
      </file>
    </package>
    <package name="lib">
      <metrics statements="12" coveredstatements="10" conditionals="2" coveredconditionals="2" methods="2" coveredmethods="0"/>
      <file name="server.js" path="/Users/joannaliu/codefellows/401/labs/lab-07-api-server/api-server/lib/server.js">
        <metrics statements="12" coveredstatements="10" conditionals="2" coveredconditionals="2" methods="2" coveredmethods="0"/>
        <line num="3" count="1" type="stmt"/>
        <line num="4" count="1" type="stmt"/>
        <line num="6" count="1" type="stmt"/>
        <line num="7" count="1" type="stmt"/>
        <line num="9" count="1" type="cond" truecount="2" falsecount="0"/>
        <line num="11" count="1" type="stmt"/>
        <line num="14" count="1" type="stmt"/>
        <line num="20" count="1" type="stmt"/>
        <line num="21" count="1" type="stmt"/>
        <line num="23" count="1" type="stmt"/>
        <line num="26" count="0" type="stmt"/>
        <line num="27" count="0" type="stmt"/>
      </file>
    </package>
    <package name="middlewares">
      <metrics statements="15" coveredstatements="11" conditionals="2" coveredconditionals="1" methods="6" coveredmethods="3"/>
      <file name="middlewares.js" path="/Users/joannaliu/codefellows/401/labs/lab-07-api-server/api-server/middlewares/middlewares.js">
        <metrics statements="15" coveredstatements="11" conditionals="2" coveredconditionals="1" methods="6" coveredmethods="3"/>
        <line num="4" count="1" type="stmt"/>
        <line num="5" count="2" type="stmt"/>
        <line num="6" count="2" type="stmt"/>
        <line num="10" count="2" type="stmt"/>
        <line num="11" count="0" type="stmt"/>
        <line num="12" count="0" type="stmt"/>
        <line num="16" count="1" type="stmt"/>
        <line num="17" count="1" type="stmt"/>
        <line num="18" count="1" type="cond" truecount="1" falsecount="1"/>
        <line num="19" count="1" type="stmt"/>
        <line num="23" count="1" type="stmt"/>
        <line num="24" count="0" type="stmt"/>
        <line num="30" count="1" type="stmt"/>
        <line num="31" count="0" type="stmt"/>
        <line num="36" count="1" type="stmt"/>
      </file>
    </package>
    <package name="routes">
      <metrics statements="16" coveredstatements="15" conditionals="2" coveredconditionals="1" methods="2" coveredmethods="2"/>
      <file name="category-routes.js" path="/Users/joannaliu/codefellows/401/labs/lab-07-api-server/api-server/routes/category-routes.js">
        <metrics statements="16" coveredstatements="15" conditionals="2" coveredconditionals="1" methods="2" coveredmethods="2"/>
        <line num="2" count="1" type="stmt"/>
        <line num="3" count="1" type="stmt"/>
        <line num="4" count="1" type="stmt"/>
        <line num="6" count="1" type="stmt"/>
        <line num="9" count="1" type="stmt"/>
        <line num="10" count="1" type="stmt"/>
        <line num="11" count="1" type="stmt"/>
        <line num="12" count="1" type="stmt"/>
        <line num="16" count="1" type="stmt"/>
        <line num="17" count="1" type="stmt"/>
        <line num="18" count="1" type="stmt"/>
        <line num="19" count="1" type="cond" truecount="1" falsecount="1"/>
        <line num="20" count="1" type="stmt"/>
        <line num="21" count="1" type="stmt"/>
        <line num="23" count="0" type="stmt"/>
        <line num="27" count="1" type="stmt"/>
      </file>
    </package>
  </project>
</coverage>
