TN:
SF:/Users/joannaliu/codefellows/401/labs/lab-07-api-server/api-server/__test__/supergoose.js
FN:14,startDB
FN:27,stopDB
FN:36,(anonymous_2)
FN:37,(anonymous_3)
FNF:4
FNH:2
FNDA:1,startDB
FNDA:1,stopDB
FNDA:0,(anonymous_2)
FNDA:0,(anonymous_3)
DA:8,1
DA:9,1
DA:10,1
DA:15,1
DA:17,1
DA:19,1
DA:24,1
DA:28,1
DA:29,1
DA:32,1
DA:33,1
DA:35,1
DA:36,0
DA:37,0
DA:38,0
LF:15
LH:12
BRDA:29,0,0,1
BRDA:29,0,1,1
BRDA:35,1,0,0
BRDA:35,1,1,1
BRF:4
BRH:3
end_of_record
TN:
SF:/Users/joannaliu/codefellows/401/labs/lab-07-api-server/api-server/lib/server.js
FN:25,(anonymous_0)
FN:26,(anonymous_1)
FNF:2
FNH:0
FNDA:0,(anonymous_0)
FNDA:0,(anonymous_1)
DA:3,1
DA:4,1
DA:6,1
DA:7,1
DA:9,1
DA:11,1
DA:14,1
DA:20,1
DA:21,1
DA:23,1
DA:26,0
DA:27,0
LF:12
LH:10
BRDA:9,0,0,1
BRDA:9,0,1,1
BRF:2
BRH:2
end_of_record
TN:
SF:/Users/joannaliu/codefellows/401/labs/lab-07-api-server/api-server/middlewares/middlewares.js
FN:4,(anonymous_0)
FN:10,(anonymous_1)
FN:10,(anonymous_2)
FN:16,(anonymous_3)
FN:23,(anonymous_4)
FN:30,(anonymous_5)
FNF:6
FNH:3
FNDA:2,(anonymous_0)
FNDA:2,(anonymous_1)
FNDA:0,(anonymous_2)
FNDA:1,(anonymous_3)
FNDA:0,(anonymous_4)
FNDA:0,(anonymous_5)
DA:4,1
DA:5,2
DA:6,2
DA:10,2
DA:11,0
DA:12,0
DA:16,1
DA:17,1
DA:18,1
DA:19,1
DA:23,1
DA:24,0
DA:30,1
DA:31,0
DA:36,1
LF:15
LH:11
BRDA:18,0,0,1
BRDA:18,0,1,0
BRF:2
BRH:1
end_of_record
TN:
SF:/Users/joannaliu/codefellows/401/labs/lab-07-api-server/api-server/routes/category-routes.js
FN:9,(anonymous_0)
FN:16,(anonymous_1)
FNF:2
FNH:2
FNDA:1,(anonymous_0)
FNDA:1,(anonymous_1)
DA:2,1
DA:3,1
DA:4,1
DA:6,1
DA:9,1
DA:10,1
DA:11,1
DA:12,1
DA:16,1
DA:17,1
DA:18,1
DA:19,1
DA:20,1
DA:21,1
DA:23,0
DA:27,1
LF:16
LH:15
BRDA:19,0,0,1
BRDA:19,0,1,0
BRF:2
BRH:1
end_of_record
