TN:
SF:/Users/joannaliu/codefellows/401/labs/lab-07-api-server/api-server/__test__/supergoose.js
FN:14,startDB
FN:27,stopDB
FN:36,(anonymous_2)
FN:37,(anonymous_3)
FNF:4
FNH:2
FNDA:1,startDB
FNDA:1,stopDB
FNDA:0,(anonymous_2)
FNDA:0,(anonymous_3)
DA:8,1
DA:9,1
DA:10,1
DA:15,1
DA:17,1
DA:19,1
DA:24,1
DA:28,1
DA:29,1
DA:32,1
DA:33,1
DA:35,1
DA:36,0
DA:37,0
DA:38,0
LF:15
LH:12
BRDA:29,0,0,1
BRDA:29,0,1,1
BRDA:35,1,0,0
BRDA:35,1,1,1
BRF:4
BRH:3
end_of_record
TN:
SF:/Users/joannaliu/codefellows/401/labs/lab-07-api-server/api-server/lib/server.js
FN:58,(anonymous_0)
FN:60,(anonymous_1)
FNF:2
FNH:0
FNDA:0,(anonymous_0)
FNDA:0,(anonymous_1)
DA:3,1
DA:5,1
DA:6,1
DA:7,1
DA:8,1
DA:9,1
DA:11,1
DA:13,1
DA:15,1
DA:18,1
DA:19,1
DA:22,1
DA:23,1
DA:26,1
DA:27,1
DA:29,1
DA:56,1
DA:59,0
DA:60,0
DA:61,0
LF:20
LH:17
BRDA:15,0,0,1
BRDA:15,0,1,1
BRF:2
BRH:2
end_of_record
TN:
SF:/Users/joannaliu/codefellows/401/labs/lab-07-api-server/api-server/middlewares/error-handlers.js
FN:3,(anonymous_0)
FN:8,(anonymous_1)
FNF:2
FNH:2
FNDA:2,(anonymous_0)
FNDA:1,(anonymous_1)
DA:3,1
DA:4,2
DA:8,1
DA:9,1
DA:12,1
LF:5
LH:5
BRF:0
BRH:0
end_of_record
TN:
SF:/Users/joannaliu/codefellows/401/labs/lab-07-api-server/api-server/middlewares/logging.js
FN:3,(anonymous_0)
FN:3,(anonymous_1)
FNF:2
FNH:1
FNDA:2,(anonymous_0)
FNDA:0,(anonymous_1)
DA:3,2
DA:4,0
DA:5,0
LF:3
LH:1
BRF:0
BRH:0
end_of_record
TN:
SF:/Users/joannaliu/codefellows/401/labs/lab-07-api-server/api-server/middlewares/randomValid.js
FN:3,(anonymous_0)
FNF:1
FNH:1
FNDA:1,(anonymous_0)
DA:3,1
DA:4,1
DA:5,1
DA:6,1
LF:4
LH:4
BRDA:5,0,0,0
BRDA:5,0,1,1
BRF:2
BRH:1
end_of_record
TN:
SF:/Users/joannaliu/codefellows/401/labs/lab-07-api-server/api-server/middlewares/requestTimeStamp.js
FN:3,(anonymous_0)
FNF:1
FNH:1
FNDA:3,(anonymous_0)
DA:3,1
DA:4,3
DA:5,3
LF:3
LH:3
BRF:0
BRH:0
end_of_record
TN:
SF:/Users/joannaliu/codefellows/401/labs/lab-07-api-server/api-server/routes/category-routes.js
FN:8,(anonymous_0)
FN:15,(anonymous_1)
FNF:2
FNH:0
FNDA:0,(anonymous_0)
FNDA:0,(anonymous_1)
DA:2,1
DA:3,1
DA:5,1
DA:8,1
DA:9,0
DA:10,0
DA:11,0
DA:15,1
DA:16,0
DA:17,0
DA:18,0
DA:19,0
DA:20,0
DA:22,0
DA:26,1
LF:15
LH:6
BRDA:18,0,0,0
BRDA:18,0,1,0
BRF:2
BRH:0
end_of_record
